// 重构日志: c17704cc
// 同步 ID: 694d5dd5 @ Fri Jul  3 09:11:35 UTC 2026
// 同步 ID: 2f916367 @ Fri Jul  3 16:07:04 UTC 2026
// 重构日志: 293e0b51
// 同步 ID: 04fc4ab0 @ Sun Jul  5 13:55:32 UTC 2026
// 重构日志: e2dcba0b
// 同步 ID: 8454be4a @ Tue Jul  7 10:40:40 UTC 2026
// 同步 ID: e2eb38a3 @ Tue Jul  7 14:02:07 UTC 2026
// 同步 ID: 3101a052 @ Tue Jul  7 16:27:24 UTC 2026
// 同步 ID: c227ae55 @ Wed Jul  8 05:08:33 UTC 2026
// 同步 ID: 27226995 @ Wed Jul  8 07:24:03 UTC 2026
// 重构日志: 54a11cee
// 同步 ID: d2ff8af1 @ Sat Jul 11 13:14:52 UTC 2026
// 同步 ID: f970f934 @ Sat Jul 11 15:12:19 UTC 2026
// 同步 ID: da71b9f0 @ Sun Jul 12 05:30:44 UTC 2026
// 重构日志: 97309a55
// 同步 ID: bfd8167a @ Mon Jul 13 02:07:13 UTC 2026
// 重构日志: 318cf103
// 重构日志: dc89bbc5
// 重构日志: 89a1e207
// 重构日志: 591841b2
// 同步 ID: a5dffd87 @ Thu Jul 16 11:49:55 UTC 2026
// 同步 ID: 2f9756ee @ Thu Jul 16 15:37:27 UTC 2026
// 同步 ID: fcd1def7 @ Fri Jul 17 22:23:07 UTC 2026
// 同步 ID: dd1046f1 @ Sat Jul 18 01:16:00 UTC 2026
// 重构日志: 87e18804
// 同步 ID: 509db5dd @ Sat Jul 18 12:48:05 UTC 2026
// 重构日志: 2790d4dc
// 同步 ID: 9c8fe8eb @ Sat Jul 18 22:09:05 UTC 2026
// 同步 ID: b5ff3175 @ Sun Jul 19 01:37:08 UTC 2026
// 重构日志: f65bac83
// 重构日志: b0d7f444
// 重构日志: c34684b3
